<testsuites id="" name="" tests="50" failures="0" skipped="50" errors="0" time="0.8518889999999999">
<testsuite name="component-performance.spec.ts" timestamp="2025-10-17T05:11:29.819Z" hostname="performance-desktop" tests="6" failures="0" skipped="6" time="0" errors="0">
<testcase name="Component Performance Tests › analyzer component rendering performance" classname="component-performance.spec.ts" time="0">
<skipped>
</skipped>
</testcase>
<testcase name="Component Performance Tests › results viewer component performance" classname="component-performance.spec.ts" time="0">
<skipped>
</skipped>
</testcase>
<testcase name="Component Performance Tests › dashboard analytics component performance" classname="component-performance.spec.ts" time="0">
<skipped>
</skipped>
</testcase>
<testcase name="Component Performance Tests › batch analysis component performance" classname="component-performance.spec.ts" time="0">
<skipped>
</skipped>
</testcase>
<testcase name="Component Performance Tests › settings component performance" classname="component-performance.spec.ts" time="0">
<skipped>
</skipped>
</testcase>
<testcase name="Component Performance Tests › memory usage during component lifecycle" classname="component-performance.spec.ts" time="0">
<skipped>
</skipped>
</testcase>
</testsuite>
<testsuite name="core-web-vitals.spec.ts" timestamp="2025-10-17T05:11:29.819Z" hostname="performance-desktop" tests="6" failures="0" skipped="6" time="0" errors="0">
<testcase name="Core Web Vitals Performance Tests › landing page should meet Core Web Vitals benchmarks" classname="core-web-vitals.spec.ts" time="0">
<skipped>
</skipped>
</testcase>
<testcase name="Core Web Vitals Performance Tests › analyzer page should meet performance benchmarks" classname="core-web-vitals.spec.ts" time="0">
<skipped>
</skipped>
</testcase>
<testcase name="Core Web Vitals Performance Tests › dashboard should meet performance benchmarks with data" classname="core-web-vitals.spec.ts" time="0">
<skipped>
</skipped>
</testcase>
<testcase name="Core Web Vitals Performance Tests › performance under slow 3G conditions" classname="core-web-vitals.spec.ts" time="0">
<skipped>
</skipped>
</testcase>
<testcase name="Core Web Vitals Performance Tests › performance regression detection" classname="core-web-vitals.spec.ts" time="0">
<skipped>
</skipped>
</testcase>
<testcase name="Core Web Vitals Performance Tests › mobile performance benchmarks" classname="core-web-vitals.spec.ts" time="0">
<skipped>
</skipped>
</testcase>
</testsuite>
<testsuite name="critical-operations.spec.ts" timestamp="2025-10-17T05:11:29.819Z" hostname="performance-desktop" tests="6" failures="0" skipped="6" time="0" errors="0">
<testcase name="Critical Operations Performance Tests › analysis performance with small content" classname="critical-operations.spec.ts" time="0">
<skipped>
</skipped>
</testcase>
<testcase name="Critical Operations Performance Tests › analysis performance with large content" classname="critical-operations.spec.ts" time="0">
<skipped>
</skipped>
</testcase>
<testcase name="Critical Operations Performance Tests › dashboard loading performance with large datasets" classname="critical-operations.spec.ts" time="0">
<skipped>
</skipped>
</testcase>
<testcase name="Critical Operations Performance Tests › file upload and processing performance" classname="critical-operations.spec.ts" time="0">
<skipped>
</skipped>
</testcase>
<testcase name="Critical Operations Performance Tests › batch analysis performance" classname="critical-operations.spec.ts" time="0">
<skipped>
</skipped>
</testcase>
<testcase name="Critical Operations Performance Tests › performance under network throttling" classname="critical-operations.spec.ts" time="0">
<skipped>
</skipped>
</testcase>
</testsuite>
<testsuite name="load-testing.spec.ts" timestamp="2025-10-17T05:11:29.819Z" hostname="performance-desktop" tests="7" failures="0" skipped="7" time="0" errors="0">
<testcase name="Load Testing for Concurrent Users › light load - 5 concurrent users" classname="load-testing.spec.ts" time="0">
<skipped>
</skipped>
</testcase>
<testcase name="Load Testing for Concurrent Users › moderate load - 10 concurrent users" classname="load-testing.spec.ts" time="0">
<skipped>
</skipped>
</testcase>
<testcase name="Load Testing for Concurrent Users › heavy load - 20 concurrent users" classname="load-testing.spec.ts" time="0">
<skipped>
</skipped>
</testcase>
<testcase name="Load Testing for Concurrent Users › stress test - analysis-focused load" classname="load-testing.spec.ts" time="0">
<skipped>
</skipped>
</testcase>
<testcase name="Load Testing for Concurrent Users › burst load - rapid user increase" classname="load-testing.spec.ts" time="0">
<skipped>
</skipped>
</testcase>
<testcase name="Load Testing for Concurrent Users › endurance test - sustained load" classname="load-testing.spec.ts" time="0">
<skipped>
</skipped>
</testcase>
<testcase name="Load Testing for Concurrent Users › mixed workload - realistic usage patterns" classname="load-testing.spec.ts" time="0">
<skipped>
</skipped>
</testcase>
</testsuite>
<testsuite name="component-performance.spec.ts" timestamp="2025-10-17T05:11:29.819Z" hostname="performance-mobile" tests="6" failures="0" skipped="6" time="0" errors="0">
<testcase name="Component Performance Tests › analyzer component rendering performance" classname="component-performance.spec.ts" time="0">
<skipped>
</skipped>
</testcase>
<testcase name="Component Performance Tests › results viewer component performance" classname="component-performance.spec.ts" time="0">
<skipped>
</skipped>
</testcase>
<testcase name="Component Performance Tests › dashboard analytics component performance" classname="component-performance.spec.ts" time="0">
<skipped>
</skipped>
</testcase>
<testcase name="Component Performance Tests › batch analysis component performance" classname="component-performance.spec.ts" time="0">
<skipped>
</skipped>
</testcase>
<testcase name="Component Performance Tests › settings component performance" classname="component-performance.spec.ts" time="0">
<skipped>
</skipped>
</testcase>
<testcase name="Component Performance Tests › memory usage during component lifecycle" classname="component-performance.spec.ts" time="0">
<skipped>
</skipped>
</testcase>
</testsuite>
<testsuite name="core-web-vitals.spec.ts" timestamp="2025-10-17T05:11:29.819Z" hostname="performance-mobile" tests="6" failures="0" skipped="6" time="0" errors="0">
<testcase name="Core Web Vitals Performance Tests › landing page should meet Core Web Vitals benchmarks" classname="core-web-vitals.spec.ts" time="0">
<skipped>
</skipped>
</testcase>
<testcase name="Core Web Vitals Performance Tests › analyzer page should meet performance benchmarks" classname="core-web-vitals.spec.ts" time="0">
<skipped>
</skipped>
</testcase>
<testcase name="Core Web Vitals Performance Tests › dashboard should meet performance benchmarks with data" classname="core-web-vitals.spec.ts" time="0">
<skipped>
</skipped>
</testcase>
<testcase name="Core Web Vitals Performance Tests › performance under slow 3G conditions" classname="core-web-vitals.spec.ts" time="0">
<skipped>
</skipped>
</testcase>
<testcase name="Core Web Vitals Performance Tests › performance regression detection" classname="core-web-vitals.spec.ts" time="0">
<skipped>
</skipped>
</testcase>
<testcase name="Core Web Vitals Performance Tests › mobile performance benchmarks" classname="core-web-vitals.spec.ts" time="0">
<skipped>
</skipped>
</testcase>
</testsuite>
<testsuite name="critical-operations.spec.ts" timestamp="2025-10-17T05:11:29.819Z" hostname="performance-mobile" tests="6" failures="0" skipped="6" time="0" errors="0">
<testcase name="Critical Operations Performance Tests › analysis performance with small content" classname="critical-operations.spec.ts" time="0">
<skipped>
</skipped>
</testcase>
<testcase name="Critical Operations Performance Tests › analysis performance with large content" classname="critical-operations.spec.ts" time="0">
<skipped>
</skipped>
</testcase>
<testcase name="Critical Operations Performance Tests › dashboard loading performance with large datasets" classname="critical-operations.spec.ts" time="0">
<skipped>
</skipped>
</testcase>
<testcase name="Critical Operations Performance Tests › file upload and processing performance" classname="critical-operations.spec.ts" time="0">
<skipped>
</skipped>
</testcase>
<testcase name="Critical Operations Performance Tests › batch analysis performance" classname="critical-operations.spec.ts" time="0">
<skipped>
</skipped>
</testcase>
<testcase name="Critical Operations Performance Tests › performance under network throttling" classname="critical-operations.spec.ts" time="0">
<skipped>
</skipped>
</testcase>
</testsuite>
<testsuite name="load-testing.spec.ts" timestamp="2025-10-17T05:11:29.819Z" hostname="performance-mobile" tests="7" failures="0" skipped="7" time="0" errors="0">
<testcase name="Load Testing for Concurrent Users › light load - 5 concurrent users" classname="load-testing.spec.ts" time="0">
<skipped>
</skipped>
</testcase>
<testcase name="Load Testing for Concurrent Users › moderate load - 10 concurrent users" classname="load-testing.spec.ts" time="0">
<skipped>
</skipped>
</testcase>
<testcase name="Load Testing for Concurrent Users › heavy load - 20 concurrent users" classname="load-testing.spec.ts" time="0">
<skipped>
</skipped>
</testcase>
<testcase name="Load Testing for Concurrent Users › stress test - analysis-focused load" classname="load-testing.spec.ts" time="0">
<skipped>
</skipped>
</testcase>
<testcase name="Load Testing for Concurrent Users › burst load - rapid user increase" classname="load-testing.spec.ts" time="0">
<skipped>
</skipped>
</testcase>
<testcase name="Load Testing for Concurrent Users › endurance test - sustained load" classname="load-testing.spec.ts" time="0">
<skipped>
</skipped>
</testcase>
<testcase name="Load Testing for Concurrent Users › mixed workload - realistic usage patterns" classname="load-testing.spec.ts" time="0">
<skipped>
</skipped>
</testcase>
</testsuite>
</testsuites>